<?xml version="1.0" encoding="UTF-8"?>
<testng-results skipped="0" failed="0" ignored="0" total="4" passed="4">
  <reporter-output>
  </reporter-output>
  <suite name="Default suite" duration-ms="14492" started-at="2018-06-24T12:13:29Z" finished-at="2018-06-24T12:13:43Z">
    <groups>
    </groups>
    <test name="Default test" duration-ms="14492" started-at="2018-06-24T12:13:29Z" finished-at="2018-06-24T12:13:43Z">
      <class name="testCases.Tests">
        <test-method status="PASS" signature="setUp()[pri:0, instance:testCases.Tests@77ec78b9]" name="setUp" is-config="true" duration-ms="3706" started-at="2018-06-24T12:13:29Z" finished-at="2018-06-24T12:13:32Z">
          <reporter-output>
          </reporter-output>
        </test-method> <!-- setUp -->
        <test-method status="PASS" signature="testHomePageAppearCorrect()[pri:0, instance:testCases.Tests@77ec78b9]" name="testHomePageAppearCorrect" duration-ms="2811" started-at="2018-06-24T12:13:32Z" finished-at="2018-06-24T12:13:35Z">
          <reporter-output>
          </reporter-output>
        </test-method> <!-- testHomePageAppearCorrect -->
        <test-method status="PASS" signature="testCreateNewCustomer()[pri:1, instance:testCases.Tests@77ec78b9]" name="testCreateNewCustomer" duration-ms="3646" started-at="2018-06-24T12:13:35Z" finished-at="2018-06-24T12:13:39Z">
          <reporter-output>
          </reporter-output>
        </test-method> <!-- testCreateNewCustomer -->
        <test-method status="PASS" signature="testCreateNewAccount()[pri:2, instance:testCases.Tests@77ec78b9]" name="testCreateNewAccount" duration-ms="1945" started-at="2018-06-24T12:13:39Z" finished-at="2018-06-24T12:13:41Z">
          <reporter-output>
          </reporter-output>
        </test-method> <!-- testCreateNewAccount -->
        <test-method status="PASS" signature="testCreateNewDeposit()[pri:3, instance:testCases.Tests@77ec78b9]" name="testCreateNewDeposit" duration-ms="2204" started-at="2018-06-24T12:13:41Z" finished-at="2018-06-24T12:13:43Z">
          <reporter-output>
          </reporter-output>
        </test-method> <!-- testCreateNewDeposit -->
        <test-method status="PASS" signature="afterTest()[pri:0, instance:testCases.Tests@77ec78b9]" name="afterTest" is-config="true" duration-ms="149" started-at="2018-06-24T12:13:43Z" finished-at="2018-06-24T12:13:43Z">
          <reporter-output>
          </reporter-output>
        </test-method> <!-- afterTest -->
      </class> <!-- testCases.Tests -->
    </test> <!-- Default test -->
  </suite> <!-- Default suite -->
</testng-results>
